c:\gameengine3\cg2_01\generated\obj\cg2\imgui_draw.obj
c:\gameengine3\cg2_01\generated\obj\cg2\object3d.obj
c:\gameengine3\cg2_01\generated\obj\cg2\d3dresourceleakchecker.obj
c:\gameengine3\cg2_01\generated\obj\cg2\winapp.obj
c:\gameengine3\cg2_01\generated\obj\cg2\logger.obj
c:\gameengine3\cg2_01\generated\obj\cg2\input.obj
c:\gameengine3\cg2_01\generated\obj\cg2\texturemanager.obj
c:\gameengine3\cg2_01\generated\obj\cg2\imgui_demo.obj
c:\gameengine3\cg2_01\generated\obj\cg2\model.obj
c:\gameengine3\cg2_01\generated\obj\cg2\imgui.obj
c:\gameengine3\cg2_01\generated\obj\cg2\stringutility.obj
c:\gameengine3\cg2_01\generated\obj\cg2\imgui_impl_dx12.obj
c:\gameengine3\cg2_01\generated\obj\cg2\audio.obj
c:\gameengine3\cg2_01\generated\obj\cg2\camera.obj
c:\gameengine3\cg2_01\generated\obj\cg2\spritecommon.obj
c:\gameengine3\cg2_01\generated\obj\cg2\imgui_impl_win32.obj
c:\gameengine3\cg2_01\generated\obj\cg2\object3dcommon.obj
c:\gameengine3\cg2_01\generated\obj\cg2\audiocommon.obj
c:\gameengine3\cg2_01\generated\obj\cg2\imguimanager.obj
c:\gameengine3\cg2_01\generated\obj\cg2\directxcommon.obj
c:\gameengine3\cg2_01\generated\obj\cg2\imgui_tables.obj
c:\gameengine3\cg2_01\generated\obj\cg2\modelcommon.obj
c:\gameengine3\cg2_01\generated\obj\cg2\modelmanager.obj
c:\gameengine3\cg2_01\generated\obj\cg2\convertstring.obj
c:\gameengine3\cg2_01\generated\obj\cg2\main.obj
c:\gameengine3\cg2_01\generated\obj\cg2\imgui_widgets.obj
c:\gameengine3\cg2_01\generated\obj\cg2\sprite.obj
c:\gameengine3\cg2_01\generated\obj\cg2\srvmanager.obj
c:\gameengine3\cg2_01\generated\obj\cg2\vc143.pdb
c:\gameengine3\cg2_01\generated\obj\cg2\cg2.res
c:\gameengine3\cg2_01\generated\obj\cg2\cg2.ilk
c:\gameengine3\cg2_01\generated\obj\cg2\vc143.idb
c:\gameengine3\cg2_01\project\..\generated\outputs\\cg2.pdb
c:\gameengine3\cg2_01\project\..\generated\obj\cg2\\cg2_01.vcxproj.filelistabsolute.txt
c:\gameengine3\cg2_01\generated\obj\cg2\cg2.tlog\cl.command.1.tlog
c:\gameengine3\cg2_01\generated\obj\cg2\cg2.tlog\cl.items.tlog
c:\gameengine3\cg2_01\generated\obj\cg2\cg2.tlog\cl.read.1.tlog
c:\gameengine3\cg2_01\generated\obj\cg2\cg2.tlog\cl.write.1.tlog
c:\gameengine3\cg2_01\generated\obj\cg2\cg2.tlog\link.38172-cvtres.read.1.tlog
c:\gameengine3\cg2_01\generated\obj\cg2\cg2.tlog\link.38172-cvtres.write.1.tlog
c:\gameengine3\cg2_01\generated\obj\cg2\cg2.tlog\link.38172-rc.read.1.tlog
c:\gameengine3\cg2_01\generated\obj\cg2\cg2.tlog\link.38172-rc.write.1.tlog
c:\gameengine3\cg2_01\generated\obj\cg2\cg2.tlog\link.38172.read.1.tlog
c:\gameengine3\cg2_01\generated\obj\cg2\cg2.tlog\link.38172.read.2.tlog
c:\gameengine3\cg2_01\generated\obj\cg2\cg2.tlog\link.38172.read.3.tlog
c:\gameengine3\cg2_01\generated\obj\cg2\cg2.tlog\link.38172.read.4.tlog
c:\gameengine3\cg2_01\generated\obj\cg2\cg2.tlog\link.38172.write.1.tlog
c:\gameengine3\cg2_01\generated\obj\cg2\cg2.tlog\link.command.1.tlog
c:\gameengine3\cg2_01\generated\obj\cg2\cg2.tlog\link.read.1.tlog
c:\gameengine3\cg2_01\generated\obj\cg2\cg2.tlog\link.secondary.1.tlog
c:\gameengine3\cg2_01\generated\obj\cg2\cg2.tlog\link.write.1.tlog
c:\gameengine3\cg2_01\generated\obj\cg2\cg2.tlog\rc.command.1.tlog
c:\gameengine3\cg2_01\generated\obj\cg2\cg2.tlog\rc.read.1.tlog
c:\gameengine3\cg2_01\generated\obj\cg2\cg2.tlog\rc.write.1.tlog
