  Audio.cpp
  AudioCommon.cpp
  Camera.cpp
  ConvertString.cpp
  D3DResourceLeakChecker.cpp
  DirectXCommon.cpp
  Input.cpp
  Logger.cpp
  imgui.cpp
  imgui_demo.cpp
  imgui_draw.cpp
  imgui_impl_dx12.cpp
  imgui_impl_win32.cpp
  imgui_tables.cpp
  imgui_widgets.cpp
  ImGuiManager.cpp
  main.cpp
  Model.cpp
  ModelCommon.cpp
  ModelManager.cpp
  Object3d.cpp
  Object3dCommon.cpp
  Sprite.cpp
  SpriteCommon.cpp
  StringUtility.cpp
  TextureManager.cpp
  WinApp.cpp
  CG2_01.vcxproj -> C:\GameEngine3\CG2_01\generated\outputs\CG2.exe
          1 個のファイルをコピーしました。
          1 個のファイルをコピーしました。
