c:\gameengine3\cg2_01\generated\obj\directxtex\directxtex.pch
c:\gameengine3\cg2_01\generated\obj\directxtex\directxtex.pdb
c:\gameengine3\cg2_01\generated\obj\directxtex\directxtexutil.obj
c:\gameengine3\cg2_01\generated\obj\directxtex\directxtexwic.obj
c:\gameengine3\cg2_01\generated\obj\directxtex\directxtextga.obj
c:\gameengine3\cg2_01\generated\obj\directxtex\directxtexresize.obj
c:\gameengine3\cg2_01\generated\obj\directxtex\directxtexpmalpha.obj
c:\gameengine3\cg2_01\generated\obj\directxtex\directxtexnormalmaps.obj
c:\gameengine3\cg2_01\generated\obj\directxtex\directxtexmisc.obj
c:\gameengine3\cg2_01\generated\obj\directxtex\directxtexmipmaps.obj
c:\gameengine3\cg2_01\generated\obj\directxtex\directxteximage.obj
c:\gameengine3\cg2_01\generated\obj\directxtex\directxtexhdr.obj
c:\gameengine3\cg2_01\generated\obj\directxtex\directxtexfliprotate.obj
c:\gameengine3\cg2_01\generated\obj\directxtex\directxtexdds.obj
c:\gameengine3\cg2_01\generated\obj\directxtex\directxtexd3d12.obj
c:\gameengine3\cg2_01\generated\obj\directxtex\directxtexd3d11.obj
c:\gameengine3\cg2_01\generated\obj\directxtex\directxtexconvert.obj
c:\gameengine3\cg2_01\generated\obj\directxtex\directxtexcompressgpu.obj
c:\gameengine3\cg2_01\generated\obj\directxtex\directxtexcompress.obj
c:\gameengine3\cg2_01\generated\obj\directxtex\bcdirectcompute.obj
c:\gameengine3\cg2_01\generated\obj\directxtex\bc6hbc7.obj
c:\gameengine3\cg2_01\generated\obj\directxtex\bc4bc5.obj
c:\gameengine3\cg2_01\generated\obj\directxtex\bc.obj
c:\gameengine3\cg2_01\generated\outputs\directxtex.lib
c:\gameengine3\cg2_01\project\..\generated\outputs\\directxtex.pdb
c:\gameengine3\cg2_01\project\..\generated\obj\directxtex\\directxtex_desktop_2022_win10.vcxproj.filelistabsolute.txt
c:\gameengine3\cg2_01\generated\obj\directxtex\directxtex.tlog\cl.command.1.tlog
c:\gameengine3\cg2_01\generated\obj\directxtex\directxtex.tlog\cl.items.tlog
c:\gameengine3\cg2_01\generated\obj\directxtex\directxtex.tlog\cl.read.1.tlog
c:\gameengine3\cg2_01\generated\obj\directxtex\directxtex.tlog\cl.write.1.tlog
c:\gameengine3\cg2_01\generated\obj\directxtex\directxtex.tlog\lib-link.read.1.tlog
c:\gameengine3\cg2_01\generated\obj\directxtex\directxtex.tlog\lib-link.write.1.tlog
c:\gameengine3\cg2_01\generated\obj\directxtex\directxtex.tlog\lib.command.1.tlog
